[21-Sep-2024 14:40:30 UTC] PHP Parse error:  syntax error, unexpected token "}" in /Users/julienpetit/Local Sites/team-construct/app/public/wp-content/themes/mrparfait/template-parts/button.php on line 4
[21-Sep-2024 14:48:05 UTC] PHP Parse error:  Unclosed '{' on line 4 in /Users/julienpetit/Local Sites/team-construct/app/public/wp-content/themes/mrparfait/template-parts/button.php on line 7
[21-Sep-2024 14:48:09 UTC] PHP Parse error:  Unclosed '{' on line 4 in /Users/julienpetit/Local Sites/team-construct/app/public/wp-content/themes/mrparfait/template-parts/button.php on line 8
[21-Sep-2024 14:48:21 UTC] PHP Parse error:  Unclosed '{' on line 4 in /Users/julienpetit/Local Sites/team-construct/app/public/wp-content/themes/mrparfait/template-parts/button.php on line 8
[26-Sep-2024 16:33:39 UTC] PHP Warning:  Undefined variable $type in /Users/julienpetit/Local Sites/team-construct/app/public/wp-content/themes/mrparfait/template-parts/buttons/button.php on line 8
[26-Sep-2024 16:33:39 UTC] PHP Warning:  Undefined variable $href in /Users/julienpetit/Local Sites/team-construct/app/public/wp-content/themes/mrparfait/template-parts/buttons/button.php on line 9
[26-Sep-2024 16:33:39 UTC] PHP Warning:  Undefined variable $target in /Users/julienpetit/Local Sites/team-construct/app/public/wp-content/themes/mrparfait/template-parts/buttons/button.php on line 11
[26-Sep-2024 16:34:17 UTC] PHP Warning:  Undefined variable $type in /Users/julienpetit/Local Sites/team-construct/app/public/wp-content/themes/mrparfait/template-parts/buttons/button.php on line 4
[26-Sep-2024 16:34:17 UTC] PHP Warning:  Undefined variable $href in /Users/julienpetit/Local Sites/team-construct/app/public/wp-content/themes/mrparfait/template-parts/buttons/button.php on line 5
[26-Sep-2024 16:34:17 UTC] PHP Warning:  Undefined variable $target in /Users/julienpetit/Local Sites/team-construct/app/public/wp-content/themes/mrparfait/template-parts/buttons/button.php on line 7
[26-Sep-2024 16:38:39 UTC] PHP Warning:  Undefined array key "class" in /Users/julienpetit/Local Sites/team-construct/app/public/wp-content/themes/mrparfait/template-parts/buttons/button.php on line 6
[26-Sep-2024 16:56:26 UTC] PHP Warning:  Undefined array key "button" in /Users/julienpetit/Local Sites/team-construct/app/public/wp-content/themes/mrparfait/template-parts/buttons/button.php on line 9
[26-Sep-2024 16:56:43 UTC] PHP Parse error:  syntax error, unexpected token ";", expecting "]" in /Users/julienpetit/Local Sites/team-construct/app/public/wp-content/themes/mrparfait/template-parts/buttons/button.php on line 13
[26-Sep-2024 16:56:47 UTC] PHP Warning:  Undefined array key "button" in /Users/julienpetit/Local Sites/team-construct/app/public/wp-content/themes/mrparfait/template-parts/buttons/button.php on line 9
[26-Sep-2024 16:56:47 UTC] PHP Warning:  Undefined array key "" in /Users/julienpetit/Local Sites/team-construct/app/public/wp-content/themes/mrparfait/template-parts/buttons/button.php on line 13
[26-Sep-2024 16:57:01 UTC] PHP Warning:  Undefined array key "button" in /Users/julienpetit/Local Sites/team-construct/app/public/wp-content/themes/mrparfait/template-parts/buttons/button.php on line 9
[26-Sep-2024 16:57:01 UTC] PHP Warning:  Undefined array key "" in /Users/julienpetit/Local Sites/team-construct/app/public/wp-content/themes/mrparfait/template-parts/buttons/button.php on line 13
[26-Sep-2024 16:57:05 UTC] PHP Warning:  Undefined array key "button" in /Users/julienpetit/Local Sites/team-construct/app/public/wp-content/themes/mrparfait/template-parts/buttons/button.php on line 9
[26-Sep-2024 16:57:05 UTC] PHP Warning:  Undefined array key "" in /Users/julienpetit/Local Sites/team-construct/app/public/wp-content/themes/mrparfait/template-parts/buttons/button.php on line 13
[26-Sep-2024 16:57:25 UTC] PHP Warning:  Undefined array key "button" in /Users/julienpetit/Local Sites/team-construct/app/public/wp-content/themes/mrparfait/template-parts/buttons/button.php on line 9
[26-Sep-2024 16:57:25 UTC] PHP Warning:  Undefined array key "" in /Users/julienpetit/Local Sites/team-construct/app/public/wp-content/themes/mrparfait/template-parts/buttons/button.php on line 13
[26-Sep-2024 16:57:25 UTC] PHP Warning:  Trying to access array offset on false in /Users/julienpetit/Local Sites/team-construct/app/public/wp-content/themes/mrparfait/template-parts/buttons/button.php on line 17
[26-Sep-2024 16:57:50 UTC] PHP Warning:  Undefined array key "button" in /Users/julienpetit/Local Sites/team-construct/app/public/wp-content/themes/mrparfait/template-parts/buttons/button.php on line 9
[26-Sep-2024 16:57:50 UTC] PHP Warning:  Undefined array key "" in /Users/julienpetit/Local Sites/team-construct/app/public/wp-content/themes/mrparfait/template-parts/buttons/button.php on line 13
[26-Sep-2024 16:57:50 UTC] PHP Warning:  Undefined array key "" in /Users/julienpetit/Local Sites/team-construct/app/public/wp-content/themes/mrparfait/template-parts/buttons/button.php on line 17
[26-Sep-2024 16:57:50 UTC] PHP Warning:  Undefined array key "" in /Users/julienpetit/Local Sites/team-construct/app/public/wp-content/themes/mrparfait/template-parts/buttons/button.php on line 21
[26-Sep-2024 16:58:07 UTC] PHP Warning:  Undefined array key "button" in /Users/julienpetit/Local Sites/team-construct/app/public/wp-content/themes/mrparfait/template-parts/buttons/button.php on line 9
[26-Sep-2024 16:58:07 UTC] PHP Warning:  Undefined array key "" in /Users/julienpetit/Local Sites/team-construct/app/public/wp-content/themes/mrparfait/template-parts/buttons/button.php on line 13
[26-Sep-2024 16:58:07 UTC] PHP Warning:  Undefined array key "" in /Users/julienpetit/Local Sites/team-construct/app/public/wp-content/themes/mrparfait/template-parts/buttons/button.php on line 17
[26-Sep-2024 16:58:07 UTC] PHP Warning:  Undefined array key "" in /Users/julienpetit/Local Sites/team-construct/app/public/wp-content/themes/mrparfait/template-parts/buttons/button.php on line 21
[26-Sep-2024 16:58:18 UTC] PHP Warning:  Undefined array key "button" in /Users/julienpetit/Local Sites/team-construct/app/public/wp-content/themes/mrparfait/template-parts/buttons/button.php on line 9
[26-Sep-2024 16:58:18 UTC] PHP Warning:  Undefined array key "" in /Users/julienpetit/Local Sites/team-construct/app/public/wp-content/themes/mrparfait/template-parts/buttons/button.php on line 13
[26-Sep-2024 16:58:18 UTC] PHP Warning:  Undefined array key "" in /Users/julienpetit/Local Sites/team-construct/app/public/wp-content/themes/mrparfait/template-parts/buttons/button.php on line 17
[26-Sep-2024 16:58:18 UTC] PHP Warning:  Undefined array key "" in /Users/julienpetit/Local Sites/team-construct/app/public/wp-content/themes/mrparfait/template-parts/buttons/button.php on line 21
[26-Sep-2024 16:58:18 UTC] PHP Warning:  Undefined array key "btn" in /Users/julienpetit/Local Sites/team-construct/app/public/wp-content/themes/mrparfait/template-parts/buttons/button.php on line 25
[26-Sep-2024 17:01:34 UTC] PHP Warning:  Undefined array key "button" in /Users/julienpetit/Local Sites/team-construct/app/public/wp-content/themes/mrparfait/template-parts/buttons/button.php on line 9
[26-Sep-2024 17:01:34 UTC] PHP Warning:  Undefined array key "" in /Users/julienpetit/Local Sites/team-construct/app/public/wp-content/themes/mrparfait/template-parts/buttons/button.php on line 17
[26-Sep-2024 17:01:34 UTC] PHP Warning:  Undefined array key "" in /Users/julienpetit/Local Sites/team-construct/app/public/wp-content/themes/mrparfait/template-parts/buttons/button.php on line 21
[26-Sep-2024 17:01:34 UTC] PHP Warning:  Undefined array key "btn" in /Users/julienpetit/Local Sites/team-construct/app/public/wp-content/themes/mrparfait/template-parts/buttons/button.php on line 25
[26-Sep-2024 17:06:19 UTC] PHP Warning:  Undefined array key "button" in /Users/julienpetit/Local Sites/team-construct/app/public/wp-content/themes/mrparfait/template-parts/buttons/button.php on line 9
[26-Sep-2024 17:06:19 UTC] PHP Warning:  Undefined array key "" in /Users/julienpetit/Local Sites/team-construct/app/public/wp-content/themes/mrparfait/template-parts/buttons/button.php on line 13
[26-Sep-2024 17:06:19 UTC] PHP Warning:  Undefined array key "" in /Users/julienpetit/Local Sites/team-construct/app/public/wp-content/themes/mrparfait/template-parts/buttons/button.php on line 17
[26-Sep-2024 17:06:19 UTC] PHP Warning:  Undefined array key "" in /Users/julienpetit/Local Sites/team-construct/app/public/wp-content/themes/mrparfait/template-parts/buttons/button.php on line 21
[26-Sep-2024 17:06:19 UTC] PHP Warning:  Undefined array key "btn" in /Users/julienpetit/Local Sites/team-construct/app/public/wp-content/themes/mrparfait/template-parts/buttons/button.php on line 25
[26-Sep-2024 17:08:21 UTC] PHP Parse error:  Unclosed '[' does not match ')' in /Users/julienpetit/Local Sites/team-construct/app/public/wp-content/themes/mrparfait/template-parts/buttons/button.php on line 8
[26-Sep-2024 17:08:34 UTC] PHP Warning:  Undefined array key "button" in /Users/julienpetit/Local Sites/team-construct/app/public/wp-content/themes/mrparfait/template-parts/buttons/button.php on line 9
[26-Sep-2024 17:08:34 UTC] PHP Warning:  Undefined array key "" in /Users/julienpetit/Local Sites/team-construct/app/public/wp-content/themes/mrparfait/template-parts/buttons/button.php on line 13
[26-Sep-2024 17:08:34 UTC] PHP Warning:  Undefined array key "" in /Users/julienpetit/Local Sites/team-construct/app/public/wp-content/themes/mrparfait/template-parts/buttons/button.php on line 17
[26-Sep-2024 17:08:34 UTC] PHP Warning:  Undefined array key "" in /Users/julienpetit/Local Sites/team-construct/app/public/wp-content/themes/mrparfait/template-parts/buttons/button.php on line 21
[26-Sep-2024 17:08:34 UTC] PHP Warning:  Undefined array key "btn" in /Users/julienpetit/Local Sites/team-construct/app/public/wp-content/themes/mrparfait/template-parts/buttons/button.php on line 25
[26-Sep-2024 17:09:04 UTC] PHP Warning:  Undefined array key "" in /Users/julienpetit/Local Sites/team-construct/app/public/wp-content/themes/mrparfait/template-parts/buttons/button.php on line 13
[26-Sep-2024 17:09:04 UTC] PHP Warning:  Undefined array key "" in /Users/julienpetit/Local Sites/team-construct/app/public/wp-content/themes/mrparfait/template-parts/buttons/button.php on line 17
[26-Sep-2024 17:09:04 UTC] PHP Warning:  Undefined array key "" in /Users/julienpetit/Local Sites/team-construct/app/public/wp-content/themes/mrparfait/template-parts/buttons/button.php on line 21
[26-Sep-2024 17:09:04 UTC] PHP Warning:  Undefined array key "btn" in /Users/julienpetit/Local Sites/team-construct/app/public/wp-content/themes/mrparfait/template-parts/buttons/button.php on line 25
[26-Sep-2024 17:09:24 UTC] PHP Warning:  Undefined array key "" in /Users/julienpetit/Local Sites/team-construct/app/public/wp-content/themes/mrparfait/template-parts/buttons/button.php on line 17
[26-Sep-2024 17:09:24 UTC] PHP Warning:  Undefined array key "" in /Users/julienpetit/Local Sites/team-construct/app/public/wp-content/themes/mrparfait/template-parts/buttons/button.php on line 21
[26-Sep-2024 17:09:24 UTC] PHP Warning:  Undefined array key "btn" in /Users/julienpetit/Local Sites/team-construct/app/public/wp-content/themes/mrparfait/template-parts/buttons/button.php on line 25
[26-Sep-2024 17:09:52 UTC] PHP Warning:  Undefined array key "" in /Users/julienpetit/Local Sites/team-construct/app/public/wp-content/themes/mrparfait/template-parts/buttons/button.php on line 21
[26-Sep-2024 17:09:52 UTC] PHP Warning:  Undefined array key "btn" in /Users/julienpetit/Local Sites/team-construct/app/public/wp-content/themes/mrparfait/template-parts/buttons/button.php on line 25
[26-Sep-2024 17:10:20 UTC] PHP Warning:  Undefined array key "btn" in /Users/julienpetit/Local Sites/team-construct/app/public/wp-content/themes/mrparfait/template-parts/buttons/button.php on line 25
[26-Sep-2024 18:21:57 UTC] PHP Fatal error:  Uncaught Error: Undefined constant "inuput" in /Users/julienpetit/Local Sites/team-construct/app/public/wp-content/themes/mrparfait/page-ds.php:97
Stack trace:
#0 /Users/julienpetit/Local Sites/team-construct/app/public/wp-includes/template-loader.php(106): include()
#1 /Users/julienpetit/Local Sites/team-construct/app/public/wp-blog-header.php(19): require_once('/Users/julienpe...')
#2 /Users/julienpetit/Local Sites/team-construct/app/public/index.php(17): require('/Users/julienpe...')
#3 {main}
  thrown in /Users/julienpetit/Local Sites/team-construct/app/public/wp-content/themes/mrparfait/page-ds.php on line 97
[26-Sep-2024 19:07:57 UTC] PHP Parse error:  syntax error, unexpected token "{" in /Users/julienpetit/Local Sites/team-construct/app/public/wp-content/themes/mrparfait/template-parts/forms/input.php on line 8
[05-Oct-2024 09:52:39 UTC] PHP Parse error:  syntax error, unexpected token ">" in /Users/julienpetit/Local Sites/team-construct/app/public/wp-content/themes/mrparfait/template-parts/cards/card-house.php on line 10
[05-Oct-2024 12:05:41 UTC] PHP Fatal error:  Uncaught Error: Call to undefined function var2console() in /Users/julienpetit/Local Sites/team-construct/app/public/wp-content/themes/mrparfait/template-parts/cards/card-house.php:3
Stack trace:
#0 /Users/julienpetit/Local Sites/team-construct/app/public/wp-includes/template.php(812): require()
#1 /Users/julienpetit/Local Sites/team-construct/app/public/wp-includes/template.php(745): load_template('/Users/julienpe...', false, Array)
#2 /Users/julienpetit/Local Sites/team-construct/app/public/wp-includes/general-template.php(206): locate_template(Array, true, false, Array)
#3 /Users/julienpetit/Local Sites/team-construct/app/public/wp-content/themes/mrparfait/page-ds.php(153): get_template_part('template-parts/...')
#4 /Users/julienpetit/Local Sites/team-construct/app/public/wp-includes/template-loader.php(106): include('/Users/julienpe...')
#5 /Users/julienpetit/Local Sites/team-construct/app/public/wp-blog-header.php(19): require_once('/Users/julienpe...')
#6 /Users/julienpetit/Local Sites/team-construct/app/public/index.php(17): require('/Users/julienpe...')
#7 {main}
  thrown in /Users/julienpetit/Local Sites/team-construct/app/public/wp-content/themes/mrparfait/template-parts/cards/card-house.php on line 3
[05-Oct-2024 12:05:58 UTC] PHP Fatal error:  Uncaught Error: Call to undefined function var2console() in /Users/julienpetit/Local Sites/team-construct/app/public/wp-content/themes/mrparfait/page-ds.php:161
Stack trace:
#0 /Users/julienpetit/Local Sites/team-construct/app/public/wp-includes/template-loader.php(106): include()
#1 /Users/julienpetit/Local Sites/team-construct/app/public/wp-blog-header.php(19): require_once('/Users/julienpe...')
#2 /Users/julienpetit/Local Sites/team-construct/app/public/index.php(17): require('/Users/julienpe...')
#3 {main}
  thrown in /Users/julienpetit/Local Sites/team-construct/app/public/wp-content/themes/mrparfait/page-ds.php on line 161
[05-Oct-2024 12:06:02 UTC] PHP Fatal error:  Uncaught Error: Call to undefined function var2console() in /Users/julienpetit/Local Sites/team-construct/app/public/wp-content/themes/mrparfait/page-ds.php:161
Stack trace:
#0 /Users/julienpetit/Local Sites/team-construct/app/public/wp-includes/template-loader.php(106): include()
#1 /Users/julienpetit/Local Sites/team-construct/app/public/wp-blog-header.php(19): require_once('/Users/julienpe...')
#2 /Users/julienpetit/Local Sites/team-construct/app/public/index.php(17): require('/Users/julienpe...')
#3 {main}
  thrown in /Users/julienpetit/Local Sites/team-construct/app/public/wp-content/themes/mrparfait/page-ds.php on line 161
[05-Oct-2024 12:07:28 UTC] PHP Fatal error:  Uncaught Error: Call to undefined function var2console() in /Users/julienpetit/Local Sites/team-construct/app/public/wp-content/themes/mrparfait/page-ds.php:161
Stack trace:
#0 /Users/julienpetit/Local Sites/team-construct/app/public/wp-includes/template-loader.php(106): include()
#1 /Users/julienpetit/Local Sites/team-construct/app/public/wp-blog-header.php(19): require_once('/Users/julienpe...')
#2 /Users/julienpetit/Local Sites/team-construct/app/public/index.php(17): require('/Users/julienpe...')
#3 {main}
  thrown in /Users/julienpetit/Local Sites/team-construct/app/public/wp-content/themes/mrparfait/page-ds.php on line 161
[05-Oct-2024 12:09:21 UTC] PHP Fatal error:  Uncaught Error: Call to undefined function var2console() in /Users/julienpetit/Local Sites/team-construct/app/public/wp-content/themes/mrparfait/page-ds.php:161
Stack trace:
#0 /Users/julienpetit/Local Sites/team-construct/app/public/wp-includes/template-loader.php(106): include()
#1 /Users/julienpetit/Local Sites/team-construct/app/public/wp-blog-header.php(19): require_once('/Users/julienpe...')
#2 /Users/julienpetit/Local Sites/team-construct/app/public/index.php(17): require('/Users/julienpe...')
#3 {main}
  thrown in /Users/julienpetit/Local Sites/team-construct/app/public/wp-content/themes/mrparfait/page-ds.php on line 161
[05-Oct-2024 12:17:44 UTC] PHP Fatal error:  Uncaught Error: Call to undefined function var2console() in /Users/julienpetit/Local Sites/team-construct/app/public/wp-content/themes/mrparfait/template-parts/cards/card-house.php:12
Stack trace:
#0 /Users/julienpetit/Local Sites/team-construct/app/public/wp-includes/template.php(812): require()
#1 /Users/julienpetit/Local Sites/team-construct/app/public/wp-includes/template.php(745): load_template('/Users/julienpe...', false, Array)
#2 /Users/julienpetit/Local Sites/team-construct/app/public/wp-includes/general-template.php(206): locate_template(Array, true, false, Array)
#3 /Users/julienpetit/Local Sites/team-construct/app/public/wp-content/themes/mrparfait/page-ds.php(153): get_template_part('template-parts/...')
#4 /Users/julienpetit/Local Sites/team-construct/app/public/wp-includes/template-loader.php(106): include('/Users/julienpe...')
#5 /Users/julienpetit/Local Sites/team-construct/app/public/wp-blog-header.php(19): require_once('/Users/julienpe...')
#6 /Users/julienpetit/Local Sites/team-construct/app/public/index.php(17): require('/Users/julienpe...')
#7 {main}
  thrown in /Users/julienpetit/Local Sites/team-construct/app/public/wp-content/themes/mrparfait/template-parts/cards/card-house.php on line 12
[05-Oct-2024 12:17:56 UTC] PHP Fatal error:  Uncaught Error: Call to undefined function var2console() in /Users/julienpetit/Local Sites/team-construct/app/public/wp-content/themes/mrparfait/template-parts/cards/card-house.php:12
Stack trace:
#0 /Users/julienpetit/Local Sites/team-construct/app/public/wp-includes/template.php(812): require()
#1 /Users/julienpetit/Local Sites/team-construct/app/public/wp-includes/template.php(745): load_template('/Users/julienpe...', false, Array)
#2 /Users/julienpetit/Local Sites/team-construct/app/public/wp-includes/general-template.php(206): locate_template(Array, true, false, Array)
#3 /Users/julienpetit/Local Sites/team-construct/app/public/wp-content/themes/mrparfait/page-ds.php(153): get_template_part('template-parts/...')
#4 /Users/julienpetit/Local Sites/team-construct/app/public/wp-includes/template-loader.php(106): include('/Users/julienpe...')
#5 /Users/julienpetit/Local Sites/team-construct/app/public/wp-blog-header.php(19): require_once('/Users/julienpe...')
#6 /Users/julienpetit/Local Sites/team-construct/app/public/index.php(17): require('/Users/julienpe...')
#7 {main}
  thrown in /Users/julienpetit/Local Sites/team-construct/app/public/wp-content/themes/mrparfait/template-parts/cards/card-house.php on line 12
[05-Oct-2024 12:18:00 UTC] PHP Fatal error:  Uncaught Error: Call to undefined function var2console() in /Users/julienpetit/Local Sites/team-construct/app/public/wp-content/themes/mrparfait/template-parts/cards/card-house.php:12
Stack trace:
#0 /Users/julienpetit/Local Sites/team-construct/app/public/wp-includes/template.php(812): require()
#1 /Users/julienpetit/Local Sites/team-construct/app/public/wp-includes/template.php(745): load_template('/Users/julienpe...', false, Array)
#2 /Users/julienpetit/Local Sites/team-construct/app/public/wp-includes/general-template.php(206): locate_template(Array, true, false, Array)
#3 /Users/julienpetit/Local Sites/team-construct/app/public/wp-content/themes/mrparfait/page-ds.php(153): get_template_part('template-parts/...')
#4 /Users/julienpetit/Local Sites/team-construct/app/public/wp-includes/template-loader.php(106): include('/Users/julienpe...')
#5 /Users/julienpetit/Local Sites/team-construct/app/public/wp-blog-header.php(19): require_once('/Users/julienpe...')
#6 /Users/julienpetit/Local Sites/team-construct/app/public/index.php(17): require('/Users/julienpe...')
#7 {main}
  thrown in /Users/julienpetit/Local Sites/team-construct/app/public/wp-content/themes/mrparfait/template-parts/cards/card-house.php on line 12
[05-Oct-2024 12:29:12 UTC] PHP Fatal error:  Uncaught Error: Call to undefined function var2console() in /Users/julienpetit/Local Sites/team-construct/app/public/wp-content/themes/mrparfait/template-parts/cards/card-house.php:12
Stack trace:
#0 /Users/julienpetit/Local Sites/team-construct/app/public/wp-includes/template.php(812): require()
#1 /Users/julienpetit/Local Sites/team-construct/app/public/wp-includes/template.php(745): load_template('/Users/julienpe...', false, Array)
#2 /Users/julienpetit/Local Sites/team-construct/app/public/wp-includes/general-template.php(206): locate_template(Array, true, false, Array)
#3 /Users/julienpetit/Local Sites/team-construct/app/public/wp-content/themes/mrparfait/page-ds.php(153): get_template_part('template-parts/...')
#4 /Users/julienpetit/Local Sites/team-construct/app/public/wp-includes/template-loader.php(106): include('/Users/julienpe...')
#5 /Users/julienpetit/Local Sites/team-construct/app/public/wp-blog-header.php(19): require_once('/Users/julienpe...')
#6 /Users/julienpetit/Local Sites/team-construct/app/public/index.php(17): require('/Users/julienpe...')
#7 {main}
  thrown in /Users/julienpetit/Local Sites/team-construct/app/public/wp-content/themes/mrparfait/template-parts/cards/card-house.php on line 12
[05-Oct-2024 12:32:25 UTC] PHP Fatal error:  Uncaught Error: Call to undefined function var2console() in /Users/julienpetit/Local Sites/team-construct/app/public/wp-content/themes/mrparfait/template-parts/cards/card-house.php:12
Stack trace:
#0 /Users/julienpetit/Local Sites/team-construct/app/public/wp-includes/template.php(812): require()
#1 /Users/julienpetit/Local Sites/team-construct/app/public/wp-includes/template.php(745): load_template('/Users/julienpe...', false, Array)
#2 /Users/julienpetit/Local Sites/team-construct/app/public/wp-includes/general-template.php(206): locate_template(Array, true, false, Array)
#3 /Users/julienpetit/Local Sites/team-construct/app/public/wp-content/themes/mrparfait/page-ds.php(153): get_template_part('template-parts/...')
#4 /Users/julienpetit/Local Sites/team-construct/app/public/wp-includes/template-loader.php(106): include('/Users/julienpe...')
#5 /Users/julienpetit/Local Sites/team-construct/app/public/wp-blog-header.php(19): require_once('/Users/julienpe...')
#6 /Users/julienpetit/Local Sites/team-construct/app/public/index.php(17): require('/Users/julienpe...')
#7 {main}
  thrown in /Users/julienpetit/Local Sites/team-construct/app/public/wp-content/themes/mrparfait/template-parts/cards/card-house.php on line 12
[05-Oct-2024 13:04:08 UTC] PHP Fatal error:  Uncaught Error: Call to undefined function var2console() in /Users/julienpetit/Local Sites/team-construct/app/public/wp-content/themes/mrparfait/template-parts/cards/card-house.php:12
Stack trace:
#0 /Users/julienpetit/Local Sites/team-construct/app/public/wp-includes/template.php(812): require()
#1 /Users/julienpetit/Local Sites/team-construct/app/public/wp-includes/template.php(745): load_template('/Users/julienpe...', false, Array)
#2 /Users/julienpetit/Local Sites/team-construct/app/public/wp-includes/general-template.php(206): locate_template(Array, true, false, Array)
#3 /Users/julienpetit/Local Sites/team-construct/app/public/wp-content/themes/mrparfait/page-ds.php(153): get_template_part('template-parts/...')
#4 /Users/julienpetit/Local Sites/team-construct/app/public/wp-includes/template-loader.php(106): include('/Users/julienpe...')
#5 /Users/julienpetit/Local Sites/team-construct/app/public/wp-blog-header.php(19): require_once('/Users/julienpe...')
#6 /Users/julienpetit/Local Sites/team-construct/app/public/index.php(17): require('/Users/julienpe...')
#7 {main}
  thrown in /Users/julienpetit/Local Sites/team-construct/app/public/wp-content/themes/mrparfait/template-parts/cards/card-house.php on line 12
[05-Oct-2024 13:04:28 UTC] PHP Fatal error:  Uncaught Error: Call to undefined function var2console() in /Users/julienpetit/Local Sites/team-construct/app/public/wp-content/themes/mrparfait/template-parts/cards/card-house.php:12
Stack trace:
#0 /Users/julienpetit/Local Sites/team-construct/app/public/wp-includes/template.php(812): require()
#1 /Users/julienpetit/Local Sites/team-construct/app/public/wp-includes/template.php(745): load_template('/Users/julienpe...', false, Array)
#2 /Users/julienpetit/Local Sites/team-construct/app/public/wp-includes/general-template.php(206): locate_template(Array, true, false, Array)
#3 /Users/julienpetit/Local Sites/team-construct/app/public/wp-content/themes/mrparfait/page-ds.php(153): get_template_part('template-parts/...')
#4 /Users/julienpetit/Local Sites/team-construct/app/public/wp-includes/template-loader.php(106): include('/Users/julienpe...')
#5 /Users/julienpetit/Local Sites/team-construct/app/public/wp-blog-header.php(19): require_once('/Users/julienpe...')
#6 /Users/julienpetit/Local Sites/team-construct/app/public/index.php(17): require('/Users/julienpe...')
#7 {main}
  thrown in /Users/julienpetit/Local Sites/team-construct/app/public/wp-content/themes/mrparfait/template-parts/cards/card-house.php on line 12
[05-Oct-2024 13:05:06 UTC] PHP Fatal error:  Uncaught Error: Call to undefined function var2console() in /Users/julienpetit/Local Sites/team-construct/app/public/wp-content/themes/mrparfait/template-parts/cards/card-house.php:12
Stack trace:
#0 /Users/julienpetit/Local Sites/team-construct/app/public/wp-includes/template.php(812): require()
#1 /Users/julienpetit/Local Sites/team-construct/app/public/wp-includes/template.php(745): load_template('/Users/julienpe...', false, Array)
#2 /Users/julienpetit/Local Sites/team-construct/app/public/wp-includes/general-template.php(206): locate_template(Array, true, false, Array)
#3 /Users/julienpetit/Local Sites/team-construct/app/public/wp-content/themes/mrparfait/page-ds.php(153): get_template_part('template-parts/...')
#4 /Users/julienpetit/Local Sites/team-construct/app/public/wp-includes/template-loader.php(106): include('/Users/julienpe...')
#5 /Users/julienpetit/Local Sites/team-construct/app/public/wp-blog-header.php(19): require_once('/Users/julienpe...')
#6 /Users/julienpetit/Local Sites/team-construct/app/public/index.php(17): require('/Users/julienpe...')
#7 {main}
  thrown in /Users/julienpetit/Local Sites/team-construct/app/public/wp-content/themes/mrparfait/template-parts/cards/card-house.php on line 12
[05-Oct-2024 13:05:11 UTC] PHP Fatal error:  Uncaught Error: Call to undefined function var2console() in /Users/julienpetit/Local Sites/team-construct/app/public/wp-content/themes/mrparfait/template-parts/cards/card-house.php:12
Stack trace:
#0 /Users/julienpetit/Local Sites/team-construct/app/public/wp-includes/template.php(812): require()
#1 /Users/julienpetit/Local Sites/team-construct/app/public/wp-includes/template.php(745): load_template('/Users/julienpe...', false, Array)
#2 /Users/julienpetit/Local Sites/team-construct/app/public/wp-includes/general-template.php(206): locate_template(Array, true, false, Array)
#3 /Users/julienpetit/Local Sites/team-construct/app/public/wp-content/themes/mrparfait/page-ds.php(153): get_template_part('template-parts/...')
#4 /Users/julienpetit/Local Sites/team-construct/app/public/wp-includes/template-loader.php(106): include('/Users/julienpe...')
#5 /Users/julienpetit/Local Sites/team-construct/app/public/wp-blog-header.php(19): require_once('/Users/julienpe...')
#6 /Users/julienpetit/Local Sites/team-construct/app/public/index.php(17): require('/Users/julienpe...')
#7 {main}
  thrown in /Users/julienpetit/Local Sites/team-construct/app/public/wp-content/themes/mrparfait/template-parts/cards/card-house.php on line 12
[05-Oct-2024 13:05:25 UTC] PHP Fatal error:  Uncaught Error: Call to undefined function var2console() in /Users/julienpetit/Local Sites/team-construct/app/public/wp-content/themes/mrparfait/template-parts/cards/card-house.php:12
Stack trace:
#0 /Users/julienpetit/Local Sites/team-construct/app/public/wp-includes/template.php(812): require()
#1 /Users/julienpetit/Local Sites/team-construct/app/public/wp-includes/template.php(745): load_template('/Users/julienpe...', false, Array)
#2 /Users/julienpetit/Local Sites/team-construct/app/public/wp-includes/general-template.php(206): locate_template(Array, true, false, Array)
#3 /Users/julienpetit/Local Sites/team-construct/app/public/wp-content/themes/mrparfait/page-ds.php(153): get_template_part('template-parts/...')
#4 /Users/julienpetit/Local Sites/team-construct/app/public/wp-includes/template-loader.php(106): include('/Users/julienpe...')
#5 /Users/julienpetit/Local Sites/team-construct/app/public/wp-blog-header.php(19): require_once('/Users/julienpe...')
#6 /Users/julienpetit/Local Sites/team-construct/app/public/index.php(17): require('/Users/julienpe...')
#7 {main}
  thrown in /Users/julienpetit/Local Sites/team-construct/app/public/wp-content/themes/mrparfait/template-parts/cards/card-house.php on line 12
[05-Oct-2024 13:06:01 UTC] PHP Fatal error:  Uncaught Error: Call to undefined function var2console() in /Users/julienpetit/Local Sites/team-construct/app/public/wp-content/themes/mrparfait/template-parts/cards/card-house.php:12
Stack trace:
#0 /Users/julienpetit/Local Sites/team-construct/app/public/wp-includes/template.php(812): require()
#1 /Users/julienpetit/Local Sites/team-construct/app/public/wp-includes/template.php(745): load_template('/Users/julienpe...', false, Array)
#2 /Users/julienpetit/Local Sites/team-construct/app/public/wp-includes/general-template.php(206): locate_template(Array, true, false, Array)
#3 /Users/julienpetit/Local Sites/team-construct/app/public/wp-content/themes/mrparfait/page-ds.php(153): get_template_part('template-parts/...')
#4 /Users/julienpetit/Local Sites/team-construct/app/public/wp-includes/template-loader.php(106): include('/Users/julienpe...')
#5 /Users/julienpetit/Local Sites/team-construct/app/public/wp-blog-header.php(19): require_once('/Users/julienpe...')
#6 /Users/julienpetit/Local Sites/team-construct/app/public/index.php(17): require('/Users/julienpe...')
#7 {main}
  thrown in /Users/julienpetit/Local Sites/team-construct/app/public/wp-content/themes/mrparfait/template-parts/cards/card-house.php on line 12
[05-Oct-2024 13:06:12 UTC] PHP Parse error:  syntax error, unexpected token "," in /Users/julienpetit/Local Sites/team-construct/app/public/wp-content/themes/mrparfait/template-parts/cards/card-house.php on line 12
[05-Oct-2024 13:06:28 UTC] PHP Fatal error:  Uncaught Error: Call to undefined function var2console() in /Users/julienpetit/Local Sites/team-construct/app/public/wp-content/themes/mrparfait/template-parts/cards/card-house.php:12
Stack trace:
#0 /Users/julienpetit/Local Sites/team-construct/app/public/wp-includes/template.php(812): require()
#1 /Users/julienpetit/Local Sites/team-construct/app/public/wp-includes/template.php(745): load_template('/Users/julienpe...', false, Array)
#2 /Users/julienpetit/Local Sites/team-construct/app/public/wp-includes/general-template.php(206): locate_template(Array, true, false, Array)
#3 /Users/julienpetit/Local Sites/team-construct/app/public/wp-content/themes/mrparfait/page-ds.php(153): get_template_part('template-parts/...')
#4 /Users/julienpetit/Local Sites/team-construct/app/public/wp-includes/template-loader.php(106): include('/Users/julienpe...')
#5 /Users/julienpetit/Local Sites/team-construct/app/public/wp-blog-header.php(19): require_once('/Users/julienpe...')
#6 /Users/julienpetit/Local Sites/team-construct/app/public/index.php(17): require('/Users/julienpe...')
#7 {main}
  thrown in /Users/julienpetit/Local Sites/team-construct/app/public/wp-content/themes/mrparfait/template-parts/cards/card-house.php on line 12
[05-Oct-2024 13:23:50 UTC] PHP Fatal error:  Uncaught Error: Call to undefined function var2console() in /Users/julienpetit/Local Sites/team-construct/app/public/wp-content/themes/mrparfait/template-parts/cards/card-house.php:12
Stack trace:
#0 /Users/julienpetit/Local Sites/team-construct/app/public/wp-includes/template.php(812): require()
#1 /Users/julienpetit/Local Sites/team-construct/app/public/wp-includes/template.php(745): load_template('/Users/julienpe...', false, Array)
#2 /Users/julienpetit/Local Sites/team-construct/app/public/wp-includes/general-template.php(206): locate_template(Array, true, false, Array)
#3 /Users/julienpetit/Local Sites/team-construct/app/public/wp-content/themes/mrparfait/page-ds.php(153): get_template_part('template-parts/...')
#4 /Users/julienpetit/Local Sites/team-construct/app/public/wp-includes/template-loader.php(106): include('/Users/julienpe...')
#5 /Users/julienpetit/Local Sites/team-construct/app/public/wp-blog-header.php(19): require_once('/Users/julienpe...')
#6 /Users/julienpetit/Local Sites/team-construct/app/public/index.php(17): require('/Users/julienpe...')
#7 {main}
  thrown in /Users/julienpetit/Local Sites/team-construct/app/public/wp-content/themes/mrparfait/template-parts/cards/card-house.php on line 12
[05-Oct-2024 13:26:50 UTC] PHP Fatal error:  Uncaught Error: Call to undefined function var2console() in /Users/julienpetit/Local Sites/team-construct/app/public/wp-content/themes/mrparfait/template-parts/cards/card-house.php:12
Stack trace:
#0 /Users/julienpetit/Local Sites/team-construct/app/public/wp-includes/template.php(812): require()
#1 /Users/julienpetit/Local Sites/team-construct/app/public/wp-includes/template.php(745): load_template('/Users/julienpe...', false, Array)
#2 /Users/julienpetit/Local Sites/team-construct/app/public/wp-includes/general-template.php(206): locate_template(Array, true, false, Array)
#3 /Users/julienpetit/Local Sites/team-construct/app/public/wp-content/themes/mrparfait/page-ds.php(153): get_template_part('template-parts/...')
#4 /Users/julienpetit/Local Sites/team-construct/app/public/wp-includes/template-loader.php(106): include('/Users/julienpe...')
#5 /Users/julienpetit/Local Sites/team-construct/app/public/wp-blog-header.php(19): require_once('/Users/julienpe...')
#6 /Users/julienpetit/Local Sites/team-construct/app/public/index.php(17): require('/Users/julienpe...')
#7 {main}
  thrown in /Users/julienpetit/Local Sites/team-construct/app/public/wp-content/themes/mrparfait/template-parts/cards/card-house.php on line 12
[05-Oct-2024 13:47:07 UTC] PHP Parse error:  syntax error, unexpected token "," in /Users/julienpetit/Local Sites/team-construct/app/public/wp-content/themes/mrparfait/page-ds.php on line 159
[05-Oct-2024 13:47:44 UTC] PHP Fatal error:  Uncaught TypeError: number_format(): Argument #1 ($num) must be of type int|float, string given in /Users/julienpetit/Local Sites/team-construct/app/public/wp-content/themes/mrparfait/template-parts/cards/card-house.php:31
Stack trace:
#0 /Users/julienpetit/Local Sites/team-construct/app/public/wp-content/themes/mrparfait/template-parts/cards/card-house.php(31): number_format('100,000,26', 2, ',', '.')
#1 /Users/julienpetit/Local Sites/team-construct/app/public/wp-includes/template.php(812): require('/Users/julienpe...')
#2 /Users/julienpetit/Local Sites/team-construct/app/public/wp-includes/template.php(745): load_template('/Users/julienpe...', false, Array)
#3 /Users/julienpetit/Local Sites/team-construct/app/public/wp-includes/general-template.php(206): locate_template(Array, true, false, Array)
#4 /Users/julienpetit/Local Sites/team-construct/app/public/wp-content/themes/mrparfait/page-ds.php(153): get_template_part('template-parts/...', 'card-house', Array)
#5 /Users/julienpetit/Local Sites/team-construct/app/public/wp-includes/template-loader.php(106): include('/Users/julienpe...')
#6 /Users/julienpetit/Local Sites/team-construct/app/public/wp-blog-header.php(19): require_once('/Users/julienpe...')
#7 /Users/julienpetit/Local Sites/team-construct/app/public/index.php(17): require('/Users/julienpe...')
#8 {main}
  thrown in /Users/julienpetit/Local Sites/team-construct/app/public/wp-content/themes/mrparfait/template-parts/cards/card-house.php on line 31
[05-Oct-2024 13:51:01 UTC] PHP Parse error:  syntax error, unexpected token ";" in /Users/julienpetit/Local Sites/team-construct/app/public/wp-content/themes/mrparfait/template-parts/cards/card-house.php on line 30
[05-Oct-2024 13:51:05 UTC] PHP Fatal error:  Uncaught TypeError: number_format(): Argument #1 ($num) must be of type int|float, string given in /Users/julienpetit/Local Sites/team-construct/app/public/wp-content/themes/mrparfait/template-parts/cards/card-house.php:29
Stack trace:
#0 /Users/julienpetit/Local Sites/team-construct/app/public/wp-content/themes/mrparfait/template-parts/cards/card-house.php(29): number_format('100,000,26', 2, '.', '.')
#1 /Users/julienpetit/Local Sites/team-construct/app/public/wp-includes/template.php(812): require('/Users/julienpe...')
#2 /Users/julienpetit/Local Sites/team-construct/app/public/wp-includes/template.php(745): load_template('/Users/julienpe...', false, Array)
#3 /Users/julienpetit/Local Sites/team-construct/app/public/wp-includes/general-template.php(206): locate_template(Array, true, false, Array)
#4 /Users/julienpetit/Local Sites/team-construct/app/public/wp-content/themes/mrparfait/page-ds.php(153): get_template_part('template-parts/...', 'card-house', Array)
#5 /Users/julienpetit/Local Sites/team-construct/app/public/wp-includes/template-loader.php(106): include('/Users/julienpe...')
#6 /Users/julienpetit/Local Sites/team-construct/app/public/wp-blog-header.php(19): require_once('/Users/julienpe...')
#7 /Users/julienpetit/Local Sites/team-construct/app/public/index.php(17): require('/Users/julienpe...')
#8 {main}
  thrown in /Users/julienpetit/Local Sites/team-construct/app/public/wp-content/themes/mrparfait/template-parts/cards/card-house.php on line 29
[05-Oct-2024 13:51:23 UTC] PHP Fatal error:  Uncaught TypeError: number_format(): Argument #1 ($num) must be of type int|float, string given in /Users/julienpetit/Local Sites/team-construct/app/public/wp-content/themes/mrparfait/template-parts/cards/card-house.php:30
Stack trace:
#0 /Users/julienpetit/Local Sites/team-construct/app/public/wp-content/themes/mrparfait/template-parts/cards/card-house.php(30): number_format('100,000,26', 2, '.', '.')
#1 /Users/julienpetit/Local Sites/team-construct/app/public/wp-includes/template.php(812): require('/Users/julienpe...')
#2 /Users/julienpetit/Local Sites/team-construct/app/public/wp-includes/template.php(745): load_template('/Users/julienpe...', false, Array)
#3 /Users/julienpetit/Local Sites/team-construct/app/public/wp-includes/general-template.php(206): locate_template(Array, true, false, Array)
#4 /Users/julienpetit/Local Sites/team-construct/app/public/wp-content/themes/mrparfait/page-ds.php(153): get_template_part('template-parts/...', 'card-house', Array)
#5 /Users/julienpetit/Local Sites/team-construct/app/public/wp-includes/template-loader.php(106): include('/Users/julienpe...')
#6 /Users/julienpetit/Local Sites/team-construct/app/public/wp-blog-header.php(19): require_once('/Users/julienpe...')
#7 /Users/julienpetit/Local Sites/team-construct/app/public/index.php(17): require('/Users/julienpe...')
#8 {main}
  thrown in /Users/julienpetit/Local Sites/team-construct/app/public/wp-content/themes/mrparfait/template-parts/cards/card-house.php on line 30
[05-Oct-2024 13:51:35 UTC] PHP Fatal error:  Uncaught TypeError: number_format(): Argument #1 ($num) must be of type int|float, string given in /Users/julienpetit/Local Sites/team-construct/app/public/wp-content/themes/mrparfait/template-parts/cards/card-house.php:25
Stack trace:
#0 /Users/julienpetit/Local Sites/team-construct/app/public/wp-content/themes/mrparfait/template-parts/cards/card-house.php(25): number_format('100,000,26', 2, '.', '.')
#1 /Users/julienpetit/Local Sites/team-construct/app/public/wp-includes/template.php(812): require('/Users/julienpe...')
#2 /Users/julienpetit/Local Sites/team-construct/app/public/wp-includes/template.php(745): load_template('/Users/julienpe...', false, Array)
#3 /Users/julienpetit/Local Sites/team-construct/app/public/wp-includes/general-template.php(206): locate_template(Array, true, false, Array)
#4 /Users/julienpetit/Local Sites/team-construct/app/public/wp-content/themes/mrparfait/page-ds.php(153): get_template_part('template-parts/...', 'card-house', Array)
#5 /Users/julienpetit/Local Sites/team-construct/app/public/wp-includes/template-loader.php(106): include('/Users/julienpe...')
#6 /Users/julienpetit/Local Sites/team-construct/app/public/wp-blog-header.php(19): require_once('/Users/julienpe...')
#7 /Users/julienpetit/Local Sites/team-construct/app/public/index.php(17): require('/Users/julienpe...')
#8 {main}
  thrown in /Users/julienpetit/Local Sites/team-construct/app/public/wp-content/themes/mrparfait/template-parts/cards/card-house.php on line 25
[05-Oct-2024 13:51:42 UTC] PHP Fatal error:  Uncaught TypeError: number_format(): Argument #1 ($num) must be of type int|float, string given in /Users/julienpetit/Local Sites/team-construct/app/public/wp-content/themes/mrparfait/template-parts/cards/card-house.php:30
Stack trace:
#0 /Users/julienpetit/Local Sites/team-construct/app/public/wp-content/themes/mrparfait/template-parts/cards/card-house.php(30): number_format('100,000,26', 2, '.', '.')
#1 /Users/julienpetit/Local Sites/team-construct/app/public/wp-includes/template.php(812): require('/Users/julienpe...')
#2 /Users/julienpetit/Local Sites/team-construct/app/public/wp-includes/template.php(745): load_template('/Users/julienpe...', false, Array)
#3 /Users/julienpetit/Local Sites/team-construct/app/public/wp-includes/general-template.php(206): locate_template(Array, true, false, Array)
#4 /Users/julienpetit/Local Sites/team-construct/app/public/wp-content/themes/mrparfait/page-ds.php(153): get_template_part('template-parts/...', 'card-house', Array)
#5 /Users/julienpetit/Local Sites/team-construct/app/public/wp-includes/template-loader.php(106): include('/Users/julienpe...')
#6 /Users/julienpetit/Local Sites/team-construct/app/public/wp-blog-header.php(19): require_once('/Users/julienpe...')
#7 /Users/julienpetit/Local Sites/team-construct/app/public/index.php(17): require('/Users/julienpe...')
#8 {main}
  thrown in /Users/julienpetit/Local Sites/team-construct/app/public/wp-content/themes/mrparfait/template-parts/cards/card-house.php on line 30
[05-Oct-2024 13:52:06 UTC] PHP Fatal error:  Uncaught TypeError: number_format(): Argument #1 ($num) must be of type int|float, string given in /Users/julienpetit/Local Sites/team-construct/app/public/wp-content/themes/mrparfait/template-parts/cards/card-house.php:30
Stack trace:
#0 /Users/julienpetit/Local Sites/team-construct/app/public/wp-content/themes/mrparfait/template-parts/cards/card-house.php(30): number_format('100,000,26', 2, ',', '.')
#1 /Users/julienpetit/Local Sites/team-construct/app/public/wp-includes/template.php(812): require('/Users/julienpe...')
#2 /Users/julienpetit/Local Sites/team-construct/app/public/wp-includes/template.php(745): load_template('/Users/julienpe...', false, Array)
#3 /Users/julienpetit/Local Sites/team-construct/app/public/wp-includes/general-template.php(206): locate_template(Array, true, false, Array)
#4 /Users/julienpetit/Local Sites/team-construct/app/public/wp-content/themes/mrparfait/page-ds.php(153): get_template_part('template-parts/...', 'card-house', Array)
#5 /Users/julienpetit/Local Sites/team-construct/app/public/wp-includes/template-loader.php(106): include('/Users/julienpe...')
#6 /Users/julienpetit/Local Sites/team-construct/app/public/wp-blog-header.php(19): require_once('/Users/julienpe...')
#7 /Users/julienpetit/Local Sites/team-construct/app/public/index.php(17): require('/Users/julienpe...')
#8 {main}
  thrown in /Users/julienpetit/Local Sites/team-construct/app/public/wp-content/themes/mrparfait/template-parts/cards/card-house.php on line 30
[05-Oct-2024 13:52:15 UTC] PHP Fatal error:  Uncaught TypeError: number_format(): Argument #1 ($num) must be of type int|float, string given in /Users/julienpetit/Local Sites/team-construct/app/public/wp-content/themes/mrparfait/template-parts/cards/card-house.php:30
Stack trace:
#0 /Users/julienpetit/Local Sites/team-construct/app/public/wp-content/themes/mrparfait/template-parts/cards/card-house.php(30): number_format('100,000,26', 2, ',', '.')
#1 /Users/julienpetit/Local Sites/team-construct/app/public/wp-includes/template.php(812): require('/Users/julienpe...')
#2 /Users/julienpetit/Local Sites/team-construct/app/public/wp-includes/template.php(745): load_template('/Users/julienpe...', false, Array)
#3 /Users/julienpetit/Local Sites/team-construct/app/public/wp-includes/general-template.php(206): locate_template(Array, true, false, Array)
#4 /Users/julienpetit/Local Sites/team-construct/app/public/wp-content/themes/mrparfait/page-ds.php(153): get_template_part('template-parts/...', 'card-house', Array)
#5 /Users/julienpetit/Local Sites/team-construct/app/public/wp-includes/template-loader.php(106): include('/Users/julienpe...')
#6 /Users/julienpetit/Local Sites/team-construct/app/public/wp-blog-header.php(19): require_once('/Users/julienpe...')
#7 /Users/julienpetit/Local Sites/team-construct/app/public/index.php(17): require('/Users/julienpe...')
#8 {main}
  thrown in /Users/julienpetit/Local Sites/team-construct/app/public/wp-content/themes/mrparfait/template-parts/cards/card-house.php on line 30
[05-Oct-2024 13:52:58 UTC] PHP Fatal error:  Uncaught TypeError: number_format(): Argument #1 ($num) must be of type int|float, string given in /Users/julienpetit/Local Sites/team-construct/app/public/wp-content/themes/mrparfait/template-parts/cards/card-house.php:32
Stack trace:
#0 /Users/julienpetit/Local Sites/team-construct/app/public/wp-content/themes/mrparfait/template-parts/cards/card-house.php(32): number_format('100,000,26', 2, ',', '.')
#1 /Users/julienpetit/Local Sites/team-construct/app/public/wp-includes/template.php(812): require('/Users/julienpe...')
#2 /Users/julienpetit/Local Sites/team-construct/app/public/wp-includes/template.php(745): load_template('/Users/julienpe...', false, Array)
#3 /Users/julienpetit/Local Sites/team-construct/app/public/wp-includes/general-template.php(206): locate_template(Array, true, false, Array)
#4 /Users/julienpetit/Local Sites/team-construct/app/public/wp-content/themes/mrparfait/page-ds.php(153): get_template_part('template-parts/...', 'card-house', Array)
#5 /Users/julienpetit/Local Sites/team-construct/app/public/wp-includes/template-loader.php(106): include('/Users/julienpe...')
#6 /Users/julienpetit/Local Sites/team-construct/app/public/wp-blog-header.php(19): require_once('/Users/julienpe...')
#7 /Users/julienpetit/Local Sites/team-construct/app/public/index.php(17): require('/Users/julienpe...')
#8 {main}
  thrown in /Users/julienpetit/Local Sites/team-construct/app/public/wp-content/themes/mrparfait/template-parts/cards/card-house.php on line 32
[05-Oct-2024 13:53:02 UTC] PHP Fatal error:  Uncaught TypeError: number_format(): Argument #1 ($num) must be of type int|float, string given in /Users/julienpetit/Local Sites/team-construct/app/public/wp-content/themes/mrparfait/template-parts/cards/card-house.php:30
Stack trace:
#0 /Users/julienpetit/Local Sites/team-construct/app/public/wp-content/themes/mrparfait/template-parts/cards/card-house.php(30): number_format('100,000,26', 2, ',', '.')
#1 /Users/julienpetit/Local Sites/team-construct/app/public/wp-includes/template.php(812): require('/Users/julienpe...')
#2 /Users/julienpetit/Local Sites/team-construct/app/public/wp-includes/template.php(745): load_template('/Users/julienpe...', false, Array)
#3 /Users/julienpetit/Local Sites/team-construct/app/public/wp-includes/general-template.php(206): locate_template(Array, true, false, Array)
#4 /Users/julienpetit/Local Sites/team-construct/app/public/wp-content/themes/mrparfait/page-ds.php(153): get_template_part('template-parts/...', 'card-house', Array)
#5 /Users/julienpetit/Local Sites/team-construct/app/public/wp-includes/template-loader.php(106): include('/Users/julienpe...')
#6 /Users/julienpetit/Local Sites/team-construct/app/public/wp-blog-header.php(19): require_once('/Users/julienpe...')
#7 /Users/julienpetit/Local Sites/team-construct/app/public/index.php(17): require('/Users/julienpe...')
#8 {main}
  thrown in /Users/julienpetit/Local Sites/team-construct/app/public/wp-content/themes/mrparfait/template-parts/cards/card-house.php on line 30
[05-Oct-2024 13:53:14 UTC] PHP Fatal error:  Uncaught TypeError: number_format(): Argument #1 ($num) must be of type int|float, string given in /Users/julienpetit/Local Sites/team-construct/app/public/wp-content/themes/mrparfait/template-parts/cards/card-house.php:30
Stack trace:
#0 /Users/julienpetit/Local Sites/team-construct/app/public/wp-content/themes/mrparfait/template-parts/cards/card-house.php(30): number_format('100,000,26', 2, ',', '.')
#1 /Users/julienpetit/Local Sites/team-construct/app/public/wp-includes/template.php(812): require('/Users/julienpe...')
#2 /Users/julienpetit/Local Sites/team-construct/app/public/wp-includes/template.php(745): load_template('/Users/julienpe...', false, Array)
#3 /Users/julienpetit/Local Sites/team-construct/app/public/wp-includes/general-template.php(206): locate_template(Array, true, false, Array)
#4 /Users/julienpetit/Local Sites/team-construct/app/public/wp-content/themes/mrparfait/page-ds.php(153): get_template_part('template-parts/...', 'card-house', Array)
#5 /Users/julienpetit/Local Sites/team-construct/app/public/wp-includes/template-loader.php(106): include('/Users/julienpe...')
#6 /Users/julienpetit/Local Sites/team-construct/app/public/wp-blog-header.php(19): require_once('/Users/julienpe...')
#7 /Users/julienpetit/Local Sites/team-construct/app/public/index.php(17): require('/Users/julienpe...')
#8 {main}
  thrown in /Users/julienpetit/Local Sites/team-construct/app/public/wp-content/themes/mrparfait/template-parts/cards/card-house.php on line 30
[05-Oct-2024 13:56:48 UTC] PHP Warning:  Undefined variable $bedroom in /Users/julienpetit/Local Sites/team-construct/app/public/wp-content/themes/mrparfait/template-parts/cards/card-house.php on line 56
[05-Oct-2024 13:56:48 UTC] PHP Warning:  Undefined variable $bathroom in /Users/julienpetit/Local Sites/team-construct/app/public/wp-content/themes/mrparfait/template-parts/cards/card-house.php on line 57
[05-Oct-2024 13:57:14 UTC] PHP Warning:  Undefined variable $bedroom in /Users/julienpetit/Local Sites/team-construct/app/public/wp-content/themes/mrparfait/template-parts/cards/card-house.php on line 56
[05-Oct-2024 13:57:14 UTC] PHP Warning:  Undefined variable $bathroom in /Users/julienpetit/Local Sites/team-construct/app/public/wp-content/themes/mrparfait/template-parts/cards/card-house.php on line 57
[05-Oct-2024 13:57:24 UTC] PHP Warning:  Undefined variable $bedroom in /Users/julienpetit/Local Sites/team-construct/app/public/wp-content/themes/mrparfait/template-parts/cards/card-house.php on line 56
[05-Oct-2024 13:57:24 UTC] PHP Warning:  Undefined variable $bathroom in /Users/julienpetit/Local Sites/team-construct/app/public/wp-content/themes/mrparfait/template-parts/cards/card-house.php on line 57
[05-Oct-2024 13:57:35 UTC] PHP Warning:  Undefined variable $bedroom in /Users/julienpetit/Local Sites/team-construct/app/public/wp-content/themes/mrparfait/template-parts/cards/card-house.php on line 55
[05-Oct-2024 13:57:35 UTC] PHP Warning:  Undefined variable $bathroom in /Users/julienpetit/Local Sites/team-construct/app/public/wp-content/themes/mrparfait/template-parts/cards/card-house.php on line 56
[05-Oct-2024 13:57:40 UTC] PHP Warning:  Undefined variable $bedroom in /Users/julienpetit/Local Sites/team-construct/app/public/wp-content/themes/mrparfait/template-parts/cards/card-house.php on line 56
[05-Oct-2024 13:57:40 UTC] PHP Warning:  Undefined variable $bathroom in /Users/julienpetit/Local Sites/team-construct/app/public/wp-content/themes/mrparfait/template-parts/cards/card-house.php on line 57
[05-Oct-2024 13:58:35 UTC] PHP Parse error:  syntax error, unexpected end of file, expecting "elseif" or "else" or "endif" in /Users/julienpetit/Local Sites/team-construct/app/public/wp-content/themes/mrparfait/template-parts/cards/card-house.php on line 64
[05-Oct-2024 14:07:24 UTC] PHP Fatal error:  Uncaught TypeError: number_format(): Argument #1 ($num) must be of type int|float, string given in /Users/julienpetit/Local Sites/team-construct/app/public/wp-content/themes/mrparfait/template-parts/cards/card-house.php:30
Stack trace:
#0 /Users/julienpetit/Local Sites/team-construct/app/public/wp-content/themes/mrparfait/template-parts/cards/card-house.php(30): number_format('100,000,26', 2, ',', '.')
#1 /Users/julienpetit/Local Sites/team-construct/app/public/wp-includes/template.php(812): require('/Users/julienpe...')
#2 /Users/julienpetit/Local Sites/team-construct/app/public/wp-includes/template.php(745): load_template('/Users/julienpe...', false, Array)
#3 /Users/julienpetit/Local Sites/team-construct/app/public/wp-includes/general-template.php(206): locate_template(Array, true, false, Array)
#4 /Users/julienpetit/Local Sites/team-construct/app/public/wp-content/themes/mrparfait/page-ds.php(153): get_template_part('template-parts/...', 'card-house', Array)
#5 /Users/julienpetit/Local Sites/team-construct/app/public/wp-includes/template-loader.php(106): include('/Users/julienpe...')
#6 /Users/julienpetit/Local Sites/team-construct/app/public/wp-blog-header.php(19): require_once('/Users/julienpe...')
#7 /Users/julienpetit/Local Sites/team-construct/app/public/index.php(17): require('/Users/julienpe...')
#8 {main}
  thrown in /Users/julienpetit/Local Sites/team-construct/app/public/wp-content/themes/mrparfait/template-parts/cards/card-house.php on line 30
[05-Oct-2024 14:25:53 UTC] PHP Parse error:  syntax error, unexpected double-quoted string "", expecting "," or ";" in /Users/julienpetit/Local Sites/team-construct/app/public/wp-content/themes/mrparfait/template-parts/cards/card-house.php on line 50
[05-Oct-2024 14:25:56 UTC] PHP Parse error:  syntax error, unexpected double-quoted string " ?>", expecting "," or ";" in /Users/julienpetit/Local Sites/team-construct/app/public/wp-content/themes/mrparfait/template-parts/cards/card-house.php on line 52
[05-Oct-2024 14:28:42 UTC] PHP Parse error:  syntax error, unexpected end of file, expecting "elseif" or "else" or "endif" in /Users/julienpetit/Local Sites/team-construct/app/public/wp-content/themes/mrparfait/template-parts/cards/card-house.php on line 71
[05-Oct-2024 14:29:09 UTC] PHP Parse error:  syntax error, unexpected end of file, expecting "elseif" or "else" or "endif" in /Users/julienpetit/Local Sites/team-construct/app/public/wp-content/themes/mrparfait/template-parts/cards/card-house.php on line 73
[05-Oct-2024 14:32:28 UTC] PHP Fatal error:  Uncaught Error: Call to undefined function get_peramalink() in /Users/julienpetit/Local Sites/team-construct/app/public/wp-content/themes/mrparfait/page-ds.php:168
Stack trace:
#0 /Users/julienpetit/Local Sites/team-construct/app/public/wp-includes/template-loader.php(106): include()
#1 /Users/julienpetit/Local Sites/team-construct/app/public/wp-blog-header.php(19): require_once('/Users/julienpe...')
#2 /Users/julienpetit/Local Sites/team-construct/app/public/index.php(17): require('/Users/julienpe...')
#3 {main}
  thrown in /Users/julienpetit/Local Sites/team-construct/app/public/wp-content/themes/mrparfait/page-ds.php on line 168
[05-Oct-2024 14:35:13 UTC] PHP Parse error:  syntax error, unexpected token "<", expecting ";" in /Users/julienpetit/Local Sites/team-construct/app/public/wp-content/themes/mrparfait/page-ds.php on line 179
[17-Oct-2024 16:40:47 UTC] PHP Warning:  Undefined variable $id_bien in /Users/julienpetit/Local Sites/team-construct/app/public/wp-content/themes/mrparfait/single.php on line 25
[17-Oct-2024 16:40:47 UTC] PHP Warning:  Undefined variable $id_bien in /Users/julienpetit/Local Sites/team-construct/app/public/wp-content/themes/mrparfait/single.php on line 26
[17-Oct-2024 16:40:47 UTC] PHP Warning:  Undefined variable $id_bien in /Users/julienpetit/Local Sites/team-construct/app/public/wp-content/themes/mrparfait/single.php on line 28
[17-Oct-2024 16:40:47 UTC] PHP Warning:  Undefined variable $id_bien in /Users/julienpetit/Local Sites/team-construct/app/public/wp-content/themes/mrparfait/single.php on line 29
[17-Oct-2024 16:40:47 UTC] PHP Warning:  Undefined variable $id_bien in /Users/julienpetit/Local Sites/team-construct/app/public/wp-content/themes/mrparfait/single.php on line 30
[17-Oct-2024 16:40:47 UTC] PHP Warning:  Undefined variable $id_bien in /Users/julienpetit/Local Sites/team-construct/app/public/wp-content/themes/mrparfait/single.php on line 31
[17-Oct-2024 16:40:47 UTC] PHP Warning:  Undefined variable $id_bien in /Users/julienpetit/Local Sites/team-construct/app/public/wp-content/themes/mrparfait/single.php on line 32
[17-Oct-2024 17:21:40 UTC] PHP Fatal error:  Uncaught TypeError: array_map(): Argument #2 ($array) must be of type array, int given in /Users/julienpetit/Local Sites/team-construct/app/public/wp-includes/class-wp-query.php:2201
Stack trace:
#0 /Users/julienpetit/Local Sites/team-construct/app/public/wp-includes/class-wp-query.php(2201): array_map('absint', 38)
#1 /Users/julienpetit/Local Sites/team-construct/app/public/wp-includes/class-wp-query.php(3852): WP_Query->get_posts()
#2 /Users/julienpetit/Local Sites/team-construct/app/public/wp-includes/class-wp-query.php(3984): WP_Query->query(Array)
#3 /Users/julienpetit/Local Sites/team-construct/app/public/wp-content/themes/mrparfait/archive.php(15): WP_Query->__construct(Array)
#4 /Users/julienpetit/Local Sites/team-construct/app/public/wp-includes/template-loader.php(106): include('/Users/julienpe...')
#5 /Users/julienpetit/Local Sites/team-construct/app/public/wp-blog-header.php(19): require_once('/Users/julienpe...')
#6 /Users/julienpetit/Local Sites/team-construct/app/public/index.php(17): require('/Users/julienpe...')
#7 {main}
  thrown in /Users/julienpetit/Local Sites/team-construct/app/public/wp-includes/class-wp-query.php on line 2201
[17-Oct-2024 17:22:02 UTC] PHP Fatal error:  Uncaught TypeError: array_map(): Argument #2 ($array) must be of type array, int given in /Users/julienpetit/Local Sites/team-construct/app/public/wp-includes/class-wp-query.php:2201
Stack trace:
#0 /Users/julienpetit/Local Sites/team-construct/app/public/wp-includes/class-wp-query.php(2201): array_map('absint', 38)
#1 /Users/julienpetit/Local Sites/team-construct/app/public/wp-includes/class-wp-query.php(3852): WP_Query->get_posts()
#2 /Users/julienpetit/Local Sites/team-construct/app/public/wp-includes/class-wp-query.php(3984): WP_Query->query(Array)
#3 /Users/julienpetit/Local Sites/team-construct/app/public/wp-content/themes/mrparfait/archive.php(15): WP_Query->__construct(Array)
#4 /Users/julienpetit/Local Sites/team-construct/app/public/wp-includes/template-loader.php(106): include('/Users/julienpe...')
#5 /Users/julienpetit/Local Sites/team-construct/app/public/wp-blog-header.php(19): require_once('/Users/julienpe...')
#6 /Users/julienpetit/Local Sites/team-construct/app/public/index.php(17): require('/Users/julienpe...')
#7 {main}
  thrown in /Users/julienpetit/Local Sites/team-construct/app/public/wp-includes/class-wp-query.php on line 2201
[17-Oct-2024 17:22:33 UTC] PHP Fatal error:  Uncaught TypeError: array_map(): Argument #2 ($array) must be of type array, int given in /Users/julienpetit/Local Sites/team-construct/app/public/wp-includes/class-wp-query.php:2201
Stack trace:
#0 /Users/julienpetit/Local Sites/team-construct/app/public/wp-includes/class-wp-query.php(2201): array_map('absint', 38)
#1 /Users/julienpetit/Local Sites/team-construct/app/public/wp-includes/class-wp-query.php(3852): WP_Query->get_posts()
#2 /Users/julienpetit/Local Sites/team-construct/app/public/wp-includes/class-wp-query.php(3984): WP_Query->query(Array)
#3 /Users/julienpetit/Local Sites/team-construct/app/public/wp-content/themes/mrparfait/archive.php(17): WP_Query->__construct(Array)
#4 /Users/julienpetit/Local Sites/team-construct/app/public/wp-includes/template-loader.php(106): include('/Users/julienpe...')
#5 /Users/julienpetit/Local Sites/team-construct/app/public/wp-blog-header.php(19): require_once('/Users/julienpe...')
#6 /Users/julienpetit/Local Sites/team-construct/app/public/index.php(17): require('/Users/julienpe...')
#7 {main}
  thrown in /Users/julienpetit/Local Sites/team-construct/app/public/wp-includes/class-wp-query.php on line 2201
[17-Oct-2024 17:22:38 UTC] PHP Fatal error:  Uncaught TypeError: array_map(): Argument #2 ($array) must be of type array, int given in /Users/julienpetit/Local Sites/team-construct/app/public/wp-includes/class-wp-query.php:2201
Stack trace:
#0 /Users/julienpetit/Local Sites/team-construct/app/public/wp-includes/class-wp-query.php(2201): array_map('absint', 38)
#1 /Users/julienpetit/Local Sites/team-construct/app/public/wp-includes/class-wp-query.php(3852): WP_Query->get_posts()
#2 /Users/julienpetit/Local Sites/team-construct/app/public/wp-includes/class-wp-query.php(3984): WP_Query->query(Array)
#3 /Users/julienpetit/Local Sites/team-construct/app/public/wp-content/themes/mrparfait/archive.php(17): WP_Query->__construct(Array)
#4 /Users/julienpetit/Local Sites/team-construct/app/public/wp-includes/template-loader.php(106): include('/Users/julienpe...')
#5 /Users/julienpetit/Local Sites/team-construct/app/public/wp-blog-header.php(19): require_once('/Users/julienpe...')
#6 /Users/julienpetit/Local Sites/team-construct/app/public/index.php(17): require('/Users/julienpe...')
#7 {main}
  thrown in /Users/julienpetit/Local Sites/team-construct/app/public/wp-includes/class-wp-query.php on line 2201
[17-Oct-2024 18:23:01 UTC] PHP Parse error:  Unmatched ')' in /Users/julienpetit/Local Sites/team-construct/app/public/wp-content/themes/mrparfait/archive.php on line 38
[17-Oct-2024 18:23:03 UTC] PHP Parse error:  Unmatched ')' in /Users/julienpetit/Local Sites/team-construct/app/public/wp-content/themes/mrparfait/archive.php on line 39
[17-Oct-2024 18:23:07 UTC] PHP Parse error:  Unmatched ')' in /Users/julienpetit/Local Sites/team-construct/app/public/wp-content/themes/mrparfait/archive.php on line 40
[17-Oct-2024 18:23:11 UTC] PHP Parse error:  Unmatched ')' in /Users/julienpetit/Local Sites/team-construct/app/public/wp-content/themes/mrparfait/archive.php on line 40
[17-Oct-2024 18:23:15 UTC] PHP Parse error:  Unmatched ')' in /Users/julienpetit/Local Sites/team-construct/app/public/wp-content/themes/mrparfait/archive.php on line 40
[17-Oct-2024 18:23:27 UTC] PHP Parse error:  Unmatched ')' in /Users/julienpetit/Local Sites/team-construct/app/public/wp-content/themes/mrparfait/archive.php on line 40
[17-Oct-2024 18:23:31 UTC] PHP Parse error:  Unmatched ')' in /Users/julienpetit/Local Sites/team-construct/app/public/wp-content/themes/mrparfait/archive.php on line 40
[17-Oct-2024 18:23:34 UTC] PHP Parse error:  Unmatched ')' in /Users/julienpetit/Local Sites/team-construct/app/public/wp-content/themes/mrparfait/archive.php on line 40
[17-Oct-2024 18:45:48 UTC] PHP Parse error:  syntax error, unexpected token "class" in /Users/julienpetit/Local Sites/team-construct/app/public/wp-content/themes/mrparfait/archive.php on line 64
[17-Oct-2024 18:47:56 UTC] PHP Parse error:  syntax error, unexpected token ";", expecting ")" in /Users/julienpetit/Local Sites/team-construct/app/public/wp-content/themes/mrparfait/archive.php on line 68
[17-Oct-2024 18:48:01 UTC] PHP Parse error:  syntax error, unexpected double-quoted string "placeholder", expecting ")" in /Users/julienpetit/Local Sites/team-construct/app/public/wp-content/themes/mrparfait/archive.php on line 66
[17-Oct-2024 18:48:04 UTC] PHP Parse error:  syntax error, unexpected double-quoted string "placeholder", expecting ")" in /Users/julienpetit/Local Sites/team-construct/app/public/wp-content/themes/mrparfait/archive.php on line 67
[17-Oct-2024 18:48:08 UTC] PHP Parse error:  syntax error, unexpected token ";", expecting ")" in /Users/julienpetit/Local Sites/team-construct/app/public/wp-content/themes/mrparfait/archive.php on line 66
[17-Oct-2024 18:48:18 UTC] PHP Parse error:  syntax error, unexpected double-quoted string "placeholder", expecting ")" in /Users/julienpetit/Local Sites/team-construct/app/public/wp-content/themes/mrparfait/archive.php on line 67
[17-Oct-2024 18:48:49 UTC] PHP Parse error:  syntax error, unexpected double-quoted string "placeholder", expecting ")" in /Users/julienpetit/Local Sites/team-construct/app/public/wp-content/themes/mrparfait/archive.php on line 67
[17-Oct-2024 18:48:51 UTC] PHP Parse error:  syntax error, unexpected double-quoted string "placeholder", expecting ")" in /Users/julienpetit/Local Sites/team-construct/app/public/wp-content/themes/mrparfait/archive.php on line 67
[17-Oct-2024 18:49:01 UTC] PHP Parse error:  syntax error, unexpected double-quoted string "placeholder", expecting ")" in /Users/julienpetit/Local Sites/team-construct/app/public/wp-content/themes/mrparfait/archive.php on line 67
[17-Oct-2024 18:49:06 UTC] PHP Parse error:  syntax error, unexpected double-quoted string "placeholder", expecting ")" in /Users/julienpetit/Local Sites/team-construct/app/public/wp-content/themes/mrparfait/archive.php on line 67
[17-Oct-2024 18:49:15 UTC] PHP Parse error:  syntax error, unexpected single-quoted string "placeholder", expecting ")" in /Users/julienpetit/Local Sites/team-construct/app/public/wp-content/themes/mrparfait/archive.php on line 67
[17-Oct-2024 18:49:21 UTC] PHP Parse error:  syntax error, unexpected single-quoted string "placeholder", expecting ")" in /Users/julienpetit/Local Sites/team-construct/app/public/wp-content/themes/mrparfait/archive.php on line 67
[17-Oct-2024 18:49:28 UTC] PHP Parse error:  syntax error, unexpected double-quoted string "placeholder' => 'Trier par prix", expecting ")" in /Users/julienpetit/Local Sites/team-construct/app/public/wp-content/themes/mrparfait/archive.php on line 67
[17-Oct-2024 18:49:50 UTC] PHP Parse error:  syntax error, unexpected double-quoted string "placeholder", expecting ")" in /Users/julienpetit/Local Sites/team-construct/app/public/wp-content/themes/mrparfait/archive.php on line 67
[17-Oct-2024 18:50:11 UTC] PHP Parse error:  syntax error, unexpected identifier "template", expecting ")" in /Users/julienpetit/Local Sites/team-construct/app/public/wp-content/themes/mrparfait/archive.php on line 77
[17-Oct-2024 18:50:38 UTC] PHP Parse error:  syntax error, unexpected identifier "template", expecting ")" in /Users/julienpetit/Local Sites/team-construct/app/public/wp-content/themes/mrparfait/archive.php on line 77
[25-Oct-2024 16:32:22 UTC] PHP Parse error:  Unclosed '{' on line 56 in /Users/julienpetit/Local Sites/team-construct/app/public/wp-content/themes/mrparfait/archive.php on line 126
[25-Oct-2024 16:32:52 UTC] PHP Parse error:  Unclosed '{' on line 56 in /Users/julienpetit/Local Sites/team-construct/app/public/wp-content/themes/mrparfait/archive.php on line 131
[25-Oct-2024 16:33:14 UTC] PHP Parse error:  Unclosed '{' on line 56 in /Users/julienpetit/Local Sites/team-construct/app/public/wp-content/themes/mrparfait/archive.php on line 131
[26-Oct-2024 08:04:18 UTC] PHP Parse error:  syntax error, unexpected double-quoted string "1", expecting ")" in /Users/julienpetit/Local Sites/team-construct/app/public/wp-content/themes/mrparfait/template-parts/forms/select.php on line 26
[26-Oct-2024 08:08:29 UTC] PHP Warning:  Array to string conversion in /Users/julienpetit/Local Sites/team-construct/app/public/wp-content/themes/mrparfait/template-parts/forms/select.php on line 36
[26-Oct-2024 08:08:29 UTC] PHP Warning:  Array to string conversion in /Users/julienpetit/Local Sites/team-construct/app/public/wp-content/themes/mrparfait/template-parts/forms/select.php on line 36
[26-Oct-2024 08:08:29 UTC] PHP Warning:  Array to string conversion in /Users/julienpetit/Local Sites/team-construct/app/public/wp-content/themes/mrparfait/template-parts/forms/select.php on line 36
[26-Oct-2024 08:10:38 UTC] PHP Warning:  Array to string conversion in /Users/julienpetit/Local Sites/team-construct/app/public/wp-content/themes/mrparfait/template-parts/forms/select.php on line 40
[26-Oct-2024 08:10:38 UTC] PHP Warning:  Array to string conversion in /Users/julienpetit/Local Sites/team-construct/app/public/wp-content/themes/mrparfait/template-parts/forms/select.php on line 40
[26-Oct-2024 08:10:38 UTC] PHP Warning:  Array to string conversion in /Users/julienpetit/Local Sites/team-construct/app/public/wp-content/themes/mrparfait/template-parts/forms/select.php on line 40
[26-Oct-2024 08:11:46 UTC] PHP Warning:  Array to string conversion in /Users/julienpetit/Local Sites/team-construct/app/public/wp-content/themes/mrparfait/template-parts/forms/select.php on line 48
[26-Oct-2024 08:11:46 UTC] PHP Warning:  Array to string conversion in /Users/julienpetit/Local Sites/team-construct/app/public/wp-content/themes/mrparfait/template-parts/forms/select.php on line 48
[26-Oct-2024 08:11:46 UTC] PHP Warning:  Array to string conversion in /Users/julienpetit/Local Sites/team-construct/app/public/wp-content/themes/mrparfait/template-parts/forms/select.php on line 48
[26-Oct-2024 08:13:08 UTC] PHP Warning:  Undefined variable $key in /Users/julienpetit/Local Sites/team-construct/app/public/wp-content/themes/mrparfait/template-parts/forms/select.php on line 49
[26-Oct-2024 08:13:08 UTC] PHP Warning:  Undefined variable $key in /Users/julienpetit/Local Sites/team-construct/app/public/wp-content/themes/mrparfait/template-parts/forms/select.php on line 49
[26-Oct-2024 08:13:08 UTC] PHP Warning:  Undefined variable $key in /Users/julienpetit/Local Sites/team-construct/app/public/wp-content/themes/mrparfait/template-parts/forms/select.php on line 49
[26-Oct-2024 08:14:45 UTC] PHP Parse error:  syntax error, unexpected token ";" in /Users/julienpetit/Local Sites/team-construct/app/public/wp-content/themes/mrparfait/template-parts/forms/select.php on line 49
[26-Oct-2024 08:19:08 UTC] PHP Parse error:  syntax error, unexpected token "if" in /Users/julienpetit/Local Sites/team-construct/app/public/wp-content/themes/mrparfait/template-parts/forms/select.php on line 43
[26-Oct-2024 08:24:09 UTC] PHP Warning:  Undefined variable $options in /Users/julienpetit/Local Sites/team-construct/app/public/wp-content/themes/mrparfait/template-parts/forms/select.php on line 30
[26-Oct-2024 08:24:09 UTC] PHP Warning:  foreach() argument must be of type array|object, null given in /Users/julienpetit/Local Sites/team-construct/app/public/wp-content/themes/mrparfait/template-parts/forms/select.php on line 30
[26-Oct-2024 08:24:09 UTC] PHP Warning:  Undefined variable $options in /Users/julienpetit/Local Sites/team-construct/app/public/wp-content/themes/mrparfait/template-parts/forms/select.php on line 30
[26-Oct-2024 08:24:09 UTC] PHP Warning:  foreach() argument must be of type array|object, null given in /Users/julienpetit/Local Sites/team-construct/app/public/wp-content/themes/mrparfait/template-parts/forms/select.php on line 30
[26-Oct-2024 08:26:03 UTC] PHP Warning:  Undefined array key "options" in /Users/julienpetit/Local Sites/team-construct/app/public/wp-content/themes/mrparfait/template-parts/forms/select.php on line 24
[26-Oct-2024 08:26:03 UTC] PHP Warning:  Undefined array key "options" in /Users/julienpetit/Local Sites/team-construct/app/public/wp-content/themes/mrparfait/template-parts/forms/select.php on line 24
[26-Oct-2024 08:27:42 UTC] PHP Warning:  Undefined array key "options" in /Users/julienpetit/Local Sites/team-construct/app/public/wp-content/themes/mrparfait/template-parts/forms/select.php on line 24
[26-Oct-2024 08:27:42 UTC] PHP Warning:  Undefined array key "value" in /Users/julienpetit/Local Sites/team-construct/app/public/wp-content/themes/mrparfait/template-parts/forms/select.php on line 36
[26-Oct-2024 08:27:42 UTC] PHP Warning:  Undefined array key "selected" in /Users/julienpetit/Local Sites/team-construct/app/public/wp-content/themes/mrparfait/template-parts/forms/select.php on line 36
[26-Oct-2024 08:27:42 UTC] PHP Warning:  Undefined array key "title" in /Users/julienpetit/Local Sites/team-construct/app/public/wp-content/themes/mrparfait/template-parts/forms/select.php on line 38
[26-Oct-2024 08:28:39 UTC] PHP Warning:  Undefined array key "options" in /Users/julienpetit/Local Sites/team-construct/app/public/wp-content/themes/mrparfait/template-parts/forms/select.php on line 24
[26-Oct-2024 09:04:07 UTC] PHP Parse error:  syntax error, unexpected string content "", expecting "-" or identifier or variable or number in /Users/julienpetit/Local Sites/team-construct/app/public/wp-content/themes/mrparfait/archive.php on line 99
[26-Oct-2024 09:04:54 UTC] PHP Parse error:  syntax error, unexpected token "<" in /Users/julienpetit/Local Sites/team-construct/app/public/wp-content/themes/mrparfait/archive.php on line 99
[26-Oct-2024 09:05:31 UTC] PHP Parse error:  syntax error, unexpected string content "", expecting "-" or identifier or variable or number in /Users/julienpetit/Local Sites/team-construct/app/public/wp-content/themes/mrparfait/archive.php on line 99
[26-Oct-2024 09:30:15 UTC] PHP Parse error:  syntax error, unexpected token ">", expecting end of file in /Users/julienpetit/Local Sites/team-construct/app/public/wp-content/themes/mrparfait/archive.php on line 97
[26-Oct-2024 09:48:56 UTC] PHP Warning:  Undefined variable $selectedAsc in /Users/julienpetit/Local Sites/team-construct/app/public/wp-content/themes/mrparfait/archive.php on line 99
[26-Oct-2024 09:51:59 UTC] PHP Warning:  Undefined array key "selected" in /Users/julienpetit/Local Sites/team-construct/app/public/wp-content/themes/mrparfait/template-parts/forms/select.php on line 31
[26-Oct-2024 09:58:44 UTC] PHP Parse error:  syntax error, unexpected end of file in /Users/julienpetit/Local Sites/team-construct/app/public/wp-content/themes/mrparfait/archive.php on line 204
[26-Oct-2024 09:58:47 UTC] PHP Parse error:  syntax error, unexpected end of file in /Users/julienpetit/Local Sites/team-construct/app/public/wp-content/themes/mrparfait/archive.php on line 203
[26-Oct-2024 09:59:13 UTC] PHP Parse error:  syntax error, unexpected end of file in /Users/julienpetit/Local Sites/team-construct/app/public/wp-content/themes/mrparfait/archive.php on line 205
[26-Oct-2024 09:59:43 UTC] PHP Parse error:  syntax error, unexpected token "endforeach" in /Users/julienpetit/Local Sites/team-construct/app/public/wp-content/themes/mrparfait/archive.php on line 142
[26-Oct-2024 10:00:10 UTC] PHP Parse error:  syntax error, unexpected token "echo" in /Users/julienpetit/Local Sites/team-construct/app/public/wp-content/themes/mrparfait/archive.php on line 140
[26-Oct-2024 10:00:42 UTC] PHP Parse error:  syntax error, unexpected token "echo" in /Users/julienpetit/Local Sites/team-construct/app/public/wp-content/themes/mrparfait/archive.php on line 140
[26-Oct-2024 10:00:50 UTC] PHP Parse error:  syntax error, unexpected token "echo" in /Users/julienpetit/Local Sites/team-construct/app/public/wp-content/themes/mrparfait/archive.php on line 140
[26-Oct-2024 10:00:54 UTC] PHP Parse error:  syntax error, unexpected token "echo" in /Users/julienpetit/Local Sites/team-construct/app/public/wp-content/themes/mrparfait/archive.php on line 140
[26-Oct-2024 10:07:40 UTC] PHP Parse error:  Unmatched ']' in /Users/julienpetit/Local Sites/team-construct/app/public/wp-content/themes/mrparfait/archive.php on line 143
[26-Oct-2024 10:07:43 UTC] PHP Parse error:  Unmatched ']' in /Users/julienpetit/Local Sites/team-construct/app/public/wp-content/themes/mrparfait/archive.php on line 143
[26-Oct-2024 10:07:46 UTC] PHP Parse error:  Unmatched ']' in /Users/julienpetit/Local Sites/team-construct/app/public/wp-content/themes/mrparfait/archive.php on line 143
[26-Oct-2024 10:12:55 UTC] PHP Parse error:  syntax error, unexpected token ")" in /Users/julienpetit/Local Sites/team-construct/app/public/wp-content/themes/mrparfait/archive.php on line 146
[26-Oct-2024 10:13:22 UTC] PHP Parse error:  Unmatched ')' in /Users/julienpetit/Local Sites/team-construct/app/public/wp-content/themes/mrparfait/archive.php on line 146
[26-Oct-2024 10:16:49 UTC] PHP Parse error:  syntax error, unexpected token ";", expecting ")" in /Users/julienpetit/Local Sites/team-construct/app/public/wp-content/themes/mrparfait/archive.php on line 142
[26-Oct-2024 10:17:40 UTC] PHP Parse error:  syntax error, unexpected token "=", expecting ")" in /Users/julienpetit/Local Sites/team-construct/app/public/wp-content/themes/mrparfait/archive.php on line 142
[26-Oct-2024 10:17:49 UTC] PHP Parse error:  syntax error, unexpected token "foreach" in /Users/julienpetit/Local Sites/team-construct/app/public/wp-content/themes/mrparfait/archive.php on line 147
