[21-Sep-2024 09:33:18] NOTICE: fpm is running, pid 13606
[21-Sep-2024 09:33:18] NOTICE: ready to handle connections
[22-Sep-2024 12:03:20] NOTICE: Terminating ...
[22-Sep-2024 12:03:20] NOTICE: Terminating ...
[22-Sep-2024 12:03:20] NOTICE: exiting, bye-bye!
[26-Sep-2024 18:06:29] NOTICE: fpm is running, pid 24136
[26-Sep-2024 18:06:29] NOTICE: ready to handle connections
[27-Sep-2024 02:36:33] NOTICE: Terminating ...
[27-Sep-2024 02:36:33] NOTICE: Terminating ...
[27-Sep-2024 02:36:33] NOTICE: exiting, bye-bye!
[05-Oct-2024 09:14:44] NOTICE: fpm is running, pid 57528
[05-Oct-2024 09:14:44] NOTICE: ready to handle connections
[05-Oct-2024 18:21:04] NOTICE: Terminating ...
[05-Oct-2024 18:21:04] NOTICE: Terminating ...
[05-Oct-2024 18:21:04] NOTICE: exiting, bye-bye!
[17-Oct-2024 18:20:20] NOTICE: fpm is running, pid 97813
[17-Oct-2024 18:20:20] NOTICE: ready to handle connections
[17-Oct-2024 21:31:54] NOTICE: Terminating ...
[17-Oct-2024 21:31:54] NOTICE: Terminating ...
[17-Oct-2024 21:31:54] NOTICE: exiting, bye-bye!
[25-Oct-2024 17:38:11] NOTICE: fpm is running, pid 8709
[25-Oct-2024 17:38:11] NOTICE: ready to handle connections
